<?xml version="1.0" encoding="UTF-8"?>
<!-- Generated by org.testng.reporters.JUnitXMLReporter -->
<testsuite hostname="Pradeep-HP" failures="0" tests="7" name="Default test" time="129.164" errors="0" timestamp="15 May 2025 16:50:12 GMT">
  <testcase classname="com.java.tekarch.sfdc.pom.tests.LoginPageTest" name="DisplayUserMenu" time="15.836"/>
  <testcase classname="com.java.tekarch.sfdc.pom.tests.LoginPageTest" name="ForgotPassword" time="9.157"/>
  <testcase classname="com.java.tekarch.sfdc.pom.tests.LoginPageTest" name="LoginError" time="13.977"/>
  <testcase classname="com.java.tekarch.sfdc.pom.tests.LoginPageTest" name="LoginRemember" time="20.136"/>
  <testcase classname="com.java.tekarch.sfdc.pom.tests.LoginPageTest" name="MyProfile" time="45.789"/>
  <testcase classname="com.java.tekarch.sfdc.pom.tests.LoginPageTest" name="TestLogin" time="14.794"/>
  <testcase classname="com.java.tekarch.sfdc.pom.tests.LoginPageTest" name="TestLoginUnsucesssfull" time="9.447"/>
</testsuite> <!-- Default test -->
