<?xml version="1.0" encoding="UTF-8"?>
<testng-results total="7" passed="7" failed="0" skipped="0">
  <reporter-output>
  </reporter-output>
  <suite started-at="2025-05-15T16:48:03Z" name="Default suite" finished-at="2025-05-15T16:50:12Z" duration-ms="129164">
    <groups>
    </groups>
    <test started-at="2025-05-15T16:48:03Z" name="Default test" finished-at="2025-05-15T16:50:12Z" duration-ms="129164">
      <class name="com.java.tekarch.sfdc.pom.tests.LoginPageTest">
        <test-method signature="DisplayUserMenu()[pri:0, instance:com.java.tekarch.sfdc.pom.tests.LoginPageTest@73302995]" started-at="2025-05-15T12:48:03Z" name="DisplayUserMenu" finished-at="2025-05-15T12:48:19Z" duration-ms="15836" status="PASS">
          <reporter-output>
          </reporter-output>
        </test-method> <!-- DisplayUserMenu -->
        <test-method signature="ForgotPassword()[pri:0, instance:com.java.tekarch.sfdc.pom.tests.LoginPageTest@73302995]" started-at="2025-05-15T12:48:19Z" name="ForgotPassword" finished-at="2025-05-15T12:48:28Z" duration-ms="9157" status="PASS">
          <reporter-output>
          </reporter-output>
        </test-method> <!-- ForgotPassword -->
        <test-method signature="LoginError()[pri:0, instance:com.java.tekarch.sfdc.pom.tests.LoginPageTest@73302995]" started-at="2025-05-15T12:48:28Z" name="LoginError" finished-at="2025-05-15T12:48:42Z" duration-ms="13977" status="PASS">
          <reporter-output>
          </reporter-output>
        </test-method> <!-- LoginError -->
        <test-method signature="LoginRemember()[pri:0, instance:com.java.tekarch.sfdc.pom.tests.LoginPageTest@73302995]" started-at="2025-05-15T12:48:42Z" name="LoginRemember" finished-at="2025-05-15T12:49:02Z" duration-ms="20136" status="PASS">
          <reporter-output>
          </reporter-output>
        </test-method> <!-- LoginRemember -->
        <test-method signature="MyProfile()[pri:0, instance:com.java.tekarch.sfdc.pom.tests.LoginPageTest@73302995]" started-at="2025-05-15T12:49:02Z" name="MyProfile" finished-at="2025-05-15T12:49:48Z" duration-ms="45789" status="PASS">
          <reporter-output>
          </reporter-output>
        </test-method> <!-- MyProfile -->
        <test-method signature="TestLogin()[pri:0, instance:com.java.tekarch.sfdc.pom.tests.LoginPageTest@73302995]" started-at="2025-05-15T12:49:48Z" name="TestLogin" finished-at="2025-05-15T12:50:03Z" duration-ms="14794" status="PASS">
          <reporter-output>
          </reporter-output>
        </test-method> <!-- TestLogin -->
        <test-method signature="TestLoginUnsucesssfull()[pri:0, instance:com.java.tekarch.sfdc.pom.tests.LoginPageTest@73302995]" started-at="2025-05-15T12:50:03Z" name="TestLoginUnsucesssfull" finished-at="2025-05-15T12:50:12Z" duration-ms="9447" status="PASS">
          <reporter-output>
          </reporter-output>
        </test-method> <!-- TestLoginUnsucesssfull -->
      </class> <!-- com.java.tekarch.sfdc.pom.tests.LoginPageTest -->
    </test> <!-- Default test -->
  </suite> <!-- Default suite -->
</testng-results>
